{"/Users/w.d./zCode/IND/Pruebas/PersonalSoft3/src/handlers/auth.js": {"path":"/Users/w.d./zCode/IND/Pruebas/PersonalSoft3/src/handlers/auth.js","statementMap":{"0":{"start":{"line":1,"column":12},"end":{"line":1,"column":30}},"1":{"start":{"line":2,"column":17},"end":{"line":2,"column":50}},"2":{"start":{"line":3,"column":26},"end":{"line":3,"column":54}},"3":{"start":{"line":5,"column":0},"end":{"line":46,"column":2}},"4":{"start":{"line":6,"column":33},"end":{"line":6,"column":55}},"5":{"start":{"line":8,"column":17},"end":{"line":13,"column":3}},"6":{"start":{"line":15,"column":2},"end":{"line":45,"column":3}},"7":{"start":{"line":16,"column":19},"end":{"line":16,"column":55}},"8":{"start":{"line":17,"column":4},"end":{"line":17,"column":58}},"9":{"start":{"line":18,"column":17},"end":{"line":18,"column":28}},"10":{"start":{"line":20,"column":4},"end":{"line":39,"column":5}},"11":{"start":{"line":21,"column":20},"end":{"line":21,"column":39}},"12":{"start":{"line":22,"column":6},"end":{"line":29,"column":8}},"13":{"start":{"line":31,"column":6},"end":{"line":38,"column":8}},"14":{"start":{"line":41,"column":4},"end":{"line":44,"column":6}}},"fnMap":{"0":{"name":"(anonymous_0)","decl":{"start":{"line":5,"column":18},"end":{"line":5,"column":19}},"loc":{"start":{"line":5,"column":35},"end":{"line":46,"column":1}},"line":5}},"branchMap":{"0":{"loc":{"start":{"line":20,"column":4},"end":{"line":39,"column":5}},"type":"if","locations":[{"start":{"line":20,"column":4},"end":{"line":39,"column":5}},{"start":{"line":30,"column":11},"end":{"line":39,"column":5}}],"line":20},"1":{"loc":{"start":{"line":20,"column":8},"end":{"line":20,"column":42}},"type":"binary-expr","locations":[{"start":{"line":20,"column":8},"end":{"line":20,"column":12}},{"start":{"line":20,"column":16},"end":{"line":20,"column":42}}],"line":20}},"s":{"0":0,"1":0,"2":0,"3":0,"4":0,"5":0,"6":0,"7":0,"8":0,"9":0,"10":0,"11":0,"12":0,"13":0,"14":0},"f":{"0":0},"b":{"0":[0,0],"1":[0,0]}}
,"/Users/w.d./zCode/IND/Pruebas/PersonalSoft3/src/handlers/inventory.js": {"path":"/Users/w.d./zCode/IND/Pruebas/PersonalSoft3/src/handlers/inventory.js","statementMap":{"0":{"start":{"line":1,"column":22},"end":{"line":1,"column":50}},"1":{"start":{"line":2,"column":12},"end":{"line":2,"column":30}},"2":{"start":{"line":3,"column":0},"end":{"line":3,"column":43}},"3":{"start":{"line":4,"column":17},"end":{"line":4,"column":50}},"4":{"start":{"line":5,"column":15},"end":{"line":5,"column":32}},"5":{"start":{"line":7,"column":21},"end":{"line":34,"column":1}},"6":{"start":{"line":8,"column":23},"end":{"line":8,"column":39}},"7":{"start":{"line":9,"column":4},"end":{"line":11,"column":5}},"8":{"start":{"line":10,"column":8},"end":{"line":10,"column":26}},"9":{"start":{"line":13,"column":19},"end":{"line":15,"column":5}},"10":{"start":{"line":16,"column":4},"end":{"line":32,"column":5}},"11":{"start":{"line":17,"column":23},"end":{"line":17,"column":60}},"12":{"start":{"line":18,"column":8},"end":{"line":25,"column":10}},"13":{"start":{"line":27,"column":8},"end":{"line":27,"column":64}},"14":{"start":{"line":28,"column":8},"end":{"line":31,"column":10}},"15":{"start":{"line":36,"column":21},"end":{"line":70,"column":1}},"16":{"start":{"line":37,"column":23},"end":{"line":37,"column":39}},"17":{"start":{"line":38,"column":4},"end":{"line":40,"column":5}},"18":{"start":{"line":39,"column":8},"end":{"line":39,"column":26}},"19":{"start":{"line":42,"column":42},"end":{"line":42,"column":64}},"20":{"start":{"line":43,"column":30},"end":{"line":43,"column":68}},"21":{"start":{"line":45,"column":19},"end":{"line":52,"column":5}},"22":{"start":{"line":54,"column":4},"end":{"line":69,"column":5}},"23":{"start":{"line":55,"column":8},"end":{"line":55,"column":45}},"24":{"start":{"line":56,"column":8},"end":{"line":63,"column":10}},"25":{"start":{"line":65,"column":8},"end":{"line":68,"column":10}},"26":{"start":{"line":72,"column":24},"end":{"line":103,"column":1}},"27":{"start":{"line":73,"column":23},"end":{"line":73,"column":39}},"28":{"start":{"line":74,"column":4},"end":{"line":76,"column":5}},"29":{"start":{"line":75,"column":8},"end":{"line":75,"column":26}},"30":{"start":{"line":78,"column":28},"end":{"line":78,"column":50}},"31":{"start":{"line":80,"column":19},"end":{"line":85,"column":5}},"32":{"start":{"line":87,"column":4},"end":{"line":102,"column":5}},"33":{"start":{"line":88,"column":8},"end":{"line":88,"column":48}},"34":{"start":{"line":89,"column":8},"end":{"line":96,"column":10}},"35":{"start":{"line":98,"column":8},"end":{"line":101,"column":10}},"36":{"start":{"line":105,"column":0},"end":{"line":109,"column":2}}},"fnMap":{"0":{"name":"(anonymous_0)","decl":{"start":{"line":7,"column":21},"end":{"line":7,"column":22}},"loc":{"start":{"line":7,"column":38},"end":{"line":34,"column":1}},"line":7},"1":{"name":"(anonymous_1)","decl":{"start":{"line":36,"column":21},"end":{"line":36,"column":22}},"loc":{"start":{"line":36,"column":38},"end":{"line":70,"column":1}},"line":36},"2":{"name":"(anonymous_2)","decl":{"start":{"line":72,"column":24},"end":{"line":72,"column":25}},"loc":{"start":{"line":72,"column":41},"end":{"line":103,"column":1}},"line":72}},"branchMap":{"0":{"loc":{"start":{"line":9,"column":4},"end":{"line":11,"column":5}},"type":"if","locations":[{"start":{"line":9,"column":4},"end":{"line":11,"column":5}},{"start":{},"end":{}}],"line":9},"1":{"loc":{"start":{"line":38,"column":4},"end":{"line":40,"column":5}},"type":"if","locations":[{"start":{"line":38,"column":4},"end":{"line":40,"column":5}},{"start":{},"end":{}}],"line":38},"2":{"loc":{"start":{"line":74,"column":4},"end":{"line":76,"column":5}},"type":"if","locations":[{"start":{"line":74,"column":4},"end":{"line":76,"column":5}},{"start":{},"end":{}}],"line":74}},"s":{"0":1,"1":1,"2":1,"3":1,"4":1,"5":1,"6":1,"7":1,"8":1,"9":0,"10":0,"11":0,"12":0,"13":0,"14":0,"15":1,"16":1,"17":1,"18":1,"19":0,"20":0,"21":0,"22":0,"23":0,"24":0,"25":0,"26":1,"27":1,"28":1,"29":1,"30":0,"31":0,"32":0,"33":0,"34":0,"35":0,"36":1},"f":{"0":1,"1":1,"2":1},"b":{"0":[1,0],"1":[1,0],"2":[1,0]},"_coverageSchema":"1a1c01bbd47fc00a2c39e90264f33305004495a9","hash":"cdfb8245e023375b23c87d8c452304a6a11a6917"}
}
