TN:
SF:src/handlers/auth.js
FN:5,(anonymous_0)
FNF:1
FNH:0
FNDA:0,(anonymous_0)
DA:1,0
DA:2,0
DA:3,0
DA:5,0
DA:6,0
DA:8,0
DA:15,0
DA:16,0
DA:17,0
DA:18,0
DA:20,0
DA:21,0
DA:22,0
DA:31,0
DA:41,0
LF:15
LH:0
BRDA:20,0,0,0
BRDA:20,0,1,0
BRDA:20,1,0,0
BRDA:20,1,1,0
BRF:4
BRH:0
end_of_record
TN:
SF:src/handlers/inventory.js
FN:7,(anonymous_0)
FN:36,(anonymous_1)
FN:72,(anonymous_2)
FNF:3
FNH:3
FNDA:1,(anonymous_0)
FNDA:1,(anonymous_1)
FNDA:1,(anonymous_2)
DA:1,1
DA:2,1
DA:3,1
DA:4,1
DA:5,1
DA:7,1
DA:8,1
DA:9,1
DA:10,1
DA:13,0
DA:16,0
DA:17,0
DA:18,0
DA:27,0
DA:28,0
DA:36,1
DA:37,1
DA:38,1
DA:39,1
DA:42,0
DA:43,0
DA:45,0
DA:54,0
DA:55,0
DA:56,0
DA:65,0
DA:72,1
DA:73,1
DA:74,1
DA:75,1
DA:78,0
DA:80,0
DA:87,0
DA:88,0
DA:89,0
DA:98,0
DA:105,1
LF:37
LH:18
BRDA:9,0,0,1
BRDA:9,0,1,0
BRDA:38,1,0,1
BRDA:38,1,1,0
BRDA:74,2,0,1
BRDA:74,2,1,0
BRF:6
BRH:3
end_of_record
